INFO: (function: run) Combine.cc: 708 -- Freezing the following parameters:
INFO: (function: run) Combine.cc: 711  CMS_HWW_boosted_tf_dataResidual_pass_Bin2
INFO: (function: run) Combine.cc: 711  CMS_HWW_boosted_tf_dataResidual_pass_Bin3
INFO: (function: run) Combine.cc: 711  CMS_HWW_boosted_tf_dataResidual_pass_Bin4
INFO: (function: run) Combine.cc: 711  CMS_HWW_boosted_tf_dataResidual_pass_Bin5
INFO: (function: improveOnce) CascadeMinimizer.cc: 188 -- Minimisation configured with Type=Minuit2, Algo=Migrad, strategy=0, tolerance=0.5
INFO: (function: improveOnce) CascadeMinimizer.cc: 211 -- Minimisation finished with status=0
INFO: (function: improveOnce) CascadeMinimizer.cc: 216 -- Minimization success! status=0
INFO: (function: improveOnce) CascadeMinimizer.cc: 188 -- Minimisation configured with Type=Minuit2, Algo=Migrad, strategy=0, tolerance=0.5
INFO: (function: improveOnce) CascadeMinimizer.cc: 211 -- Minimisation finished with status=0
INFO: (function: improveOnce) CascadeMinimizer.cc: 216 -- Minimization success! status=0
INFO: (function: improveOnce) CascadeMinimizer.cc: 188 -- Minimisation configured with Type=Minuit2, Algo=Migrad, strategy=0, tolerance=0.5
INFO: (function: improveOnce) CascadeMinimizer.cc: 211 -- Minimisation finished with status=-1
DEBUG: (function: improveOnce) CascadeMinimizer.cc: 217 -- Minimization ended with latest status != 0 or 1
INFO: (function: anyParameterAtBoundaries) utils.cc: 1039 -- Found parameter CMS_HWW_boosted_tf_dataResidual_pass_Bin0 at boundary (within ~1sigma): -9.99994+/-19.9411
INFO: (function: anyParameterAtBoundaries) utils.cc: 1039 -- Found parameter CMS_HWW_boosted_tf_dataResidual_pass_Bin1 at boundary (within ~1sigma): -9.99991+/-19.9349
INFO: (function: anyParameterAtBoundaries) utils.cc: 1039 -- Found parameter CMS_HWW_boosted_tf_dataResidual_pass_Bin6 at boundary (within ~1sigma): -9.99987+/-19.9422
INFO: (function: anyParameterAtBoundaries) utils.cc: 1039 -- Found parameter CMS_HWW_boosted_tf_dataResidual_pass_Bin7 at boundary (within ~1sigma): -9.99994+/-19.941
INFO: (function: anyParameterAtBoundaries) utils.cc: 1039 -- Found parameter CMS_HWW_boosted_tf_dataResidual_pass_Bin8 at boundary (within ~1sigma): -9.99722+/-19.9172
INFO: (function: anyParameterAtBoundaries) utils.cc: 1039 -- Found parameter CMS_HWW_boosted_tf_dataResidual_wjetsCR_Bin0 at boundary (within ~1sigma): -9.99999+/-19.9393
INFO: (function: anyParameterAtBoundaries) utils.cc: 1039 -- Found parameter CMS_HWW_boosted_tf_dataResidual_wjetsCR_Bin1 at boundary (within ~1sigma): -10+/-19.9379
INFO: (function: anyParameterAtBoundaries) utils.cc: 1039 -- Found parameter CMS_HWW_boosted_tf_dataResidual_wjetsCR_Bin2 at boundary (within ~1sigma): -9.99993+/-19.9354
INFO: (function: anyParameterAtBoundaries) utils.cc: 1039 -- Found parameter CMS_HWW_boosted_tf_dataResidual_wjetsCR_Bin3 at boundary (within ~1sigma): -9.99981+/-19.9333
INFO: (function: anyParameterAtBoundaries) utils.cc: 1039 -- Found parameter CMS_HWW_boosted_tf_dataResidual_wjetsCR_Bin4 at boundary (within ~1sigma): -9.99999+/-19.9396
INFO: (function: anyParameterAtBoundaries) utils.cc: 1039 -- Found parameter CMS_HWW_boosted_tf_dataResidual_wjetsCR_Bin5 at boundary (within ~1sigma): -9.99971+/-19.944
INFO: (function: anyParameterAtBoundaries) utils.cc: 1039 -- Found parameter CMS_HWW_boosted_tf_dataResidual_wjetsCR_Bin6 at boundary (within ~1sigma): -9.99987+/-19.9342
INFO: (function: anyParameterAtBoundaries) utils.cc: 1039 -- Found parameter CMS_HWW_boosted_tf_dataResidual_wjetsCR_Bin7 at boundary (within ~1sigma): -9.99892+/-19.9258
INFO: (function: anyParameterAtBoundaries) utils.cc: 1039 -- Found parameter CMS_HWW_boosted_tf_dataResidual_wjetsCR_Bin8 at boundary (within ~1sigma): -9.99718+/-19.9542
INFO: (function: anyParameterAtBoundaries) utils.cc: 1039 -- Found parameter CMS_HWW_boosted_tf_dataResidual_pass_mass_observable_par0 at boundary (within ~1sigma): 0.81224+/-22.3729
INFO: (function: anyParameterAtBoundaries) utils.cc: 1039 -- Found parameter CMS_HWW_boosted_tf_dataResidual_pass_mass_observable_par1 at boundary (within ~1sigma): 1.05275+/-22.6091
INFO: (function: anyParameterAtBoundaries) utils.cc: 1039 -- Found parameter CMS_HWW_boosted_tf_dataResidual_pass_mass_observable_par2 at boundary (within ~1sigma): 5.44798+/-26.9205
INFO: (function: anyParameterAtBoundaries) utils.cc: 1039 -- Found parameter wjetsnormSF_Run2 at boundary (within ~1sigma): 17.4713+/-71.0365
INFO: (function: anyParameterAtBoundaries) utils.cc: 1039 -- Found parameter CMS_HWW_boosted_tf_dataResidual_wjetsCR_mass_observable_par0 at boundary (within ~1sigma): 0.422915+/-21.986
INFO: (function: anyParameterAtBoundaries) utils.cc: 1039 -- Found parameter CMS_HWW_boosted_tf_dataResidual_wjetsCR_mass_observable_par1 at boundary (within ~1sigma): -1.00908+/-20.563
INFO: (function: anyParameterAtBoundaries) utils.cc: 1039 -- Found parameter CMS_HWW_boosted_tf_dataResidual_wjetsCR_mass_observable_par2 at boundary (within ~1sigma): 2.40491+/-23.9456
INFO: (function: minimize) CascadeMinimizer.cc: 480 -- After fit, some parameters are found at the boundary (within ~1sigma)
